<?xml version="1.0" encoding="UTF-8"?>
<testsuite xmlns:xsi="http://www.w3.org/2001/XMLSchema-instance" xsi:noNamespaceSchemaLocation="https://maven.apache.org/surefire/maven-surefire-plugin/xsd/surefire-test-report.xsd" name="com.ctc.XAdminPlusApplicationTests" time="7.323" tests="9" errors="0" skipped="0" failures="0">
  <properties>
[...]
</properties>
  <testcase name="selectEmp" classname="com.ctc.XAdminPlusApplicationTests" time="0.533"/>
  <testcase name="delete" classname="com.ctc.XAdminPlusApplicationTests" time="0.017"/>
  <testcase name="insert" classname="com.ctc.XAdminPlusApplicationTests" time="0.031"/>
  <testcase name="update" classname="com.ctc.XAdminPlusApplicationTests" time="0.018"/>
  <testcase name="insertEmp" classname="com.ctc.XAdminPlusApplicationTests" time="0.017"/>
  <testcase name="deleteEmp" classname="com.ctc.XAdminPlusApplicationTests" time="0.01"/>
  <testcase name="deleteIds" classname="com.ctc.XAdminPlusApplicationTests" time="0.012"/>
  <testcase name="deleted" classname="com.ctc.XAdminPlusApplicationTests" time="0.01"/>
  <testcase name="insert1" classname="com.ctc.XAdminPlusApplicationTests" time="0.018"/>
</testsuite>